<?xml version="1.0" encoding="UTF-8"?>
<!-- Generated by org.testng.reporters.JUnitXMLReporter -->
<testsuite hostname="Babita-PC" ignored="0" name="Different testing feathers Test" tests="26" failures="0" timestamp="25 Jan 2020 06:31:37 GMT" time="64.551" errors="0">
  <testcase name="test1" time="0.01" classname="NaveeenAutomationLab.ExceptionTimeOutTest"/>
  <testcase name="googleTitleTest" time="0.043" classname="NaveeenAutomationLab.GoogleTitleTest"/>
  <testcase name="mailLinkTest" time="0.186" classname="NaveeenAutomationLab.GoogleTitleTest"/>
  <testcase name="sum" time="0.0" classname="NaveeenAutomationLab.InvocationCountTest"/>
  <testcase name="sum" time="0.0" classname="NaveeenAutomationLab.InvocationCountTest"/>
  <testcase name="sum" time="0.0" classname="NaveeenAutomationLab.InvocationCountTest"/>
  <testcase name="sum" time="0.0" classname="NaveeenAutomationLab.InvocationCountTest"/>
  <testcase name="sum" time="0.01" classname="NaveeenAutomationLab.InvocationCountTest"/>
  <testcase name="sum" time="0.0" classname="NaveeenAutomationLab.InvocationCountTest"/>
  <testcase name="sum" time="0.0" classname="NaveeenAutomationLab.InvocationCountTest"/>
  <testcase name="sum" time="0.0" classname="NaveeenAutomationLab.InvocationCountTest"/>
  <testcase name="sum" time="0.0" classname="NaveeenAutomationLab.InvocationCountTest"/>
  <testcase name="sum" time="0.0" classname="NaveeenAutomationLab.InvocationCountTest"/>
  <testcase name="LoginPageTest" time="0.0" classname="NaveeenAutomationLab.testFeathers"/>
  <testcase name="GoogleTitleTest" time="0.0" classname="NaveeenAutomationLab.TestNGpractice"/>
  <testcase name="googleTestlogo" time="0.0" classname="NaveeenAutomationLab.TestNGpractice"/>
  <testcase name="searchTestCase" time="0.01" classname="NaveeenAutomationLab.TestNGpractice"/>
  <testcase name="HomepageTest" time="0.0" classname="NaveeenAutomationLab.testFeathers"/>
  <testcase name="RegPageTest" time="0.0" classname="NaveeenAutomationLab.testFeathers"/>
  <testcase name="SearchPageTest" time="0.0" classname="NaveeenAutomationLab.testFeathers"/>
  <testcase name="googleTitleTest" time="0.035" classname="NaveeenAutomationLab.GoogleTest"/>
  <testcase name="googleImagetest" time="0.191" classname="NaveeenAutomationLab.GoogleTest"/>
  <testcase name="mailLinkTest" time="0.14" classname="NaveeenAutomationLab.GoogleTest"/>
  <testcase name="test1" time="0.002" classname="NaveeenAutomationLab.GoogleTest"/>
  <testcase name="test2" time="0.004" classname="NaveeenAutomationLab.GoogleTest"/>
  <testcase name="test3" time="0.004" classname="NaveeenAutomationLab.GoogleTest"/>
</testsuite> <!-- Different testing feathers Test -->
