<?xml version="1.0" encoding="UTF-8"?>
<testng-results skipped="0" failed="0" ignored="0" total="0" passed="0">
  <reporter-output>
  </reporter-output>
  <suite name="com.techfios.techfios_testNG.AppTest" duration-ms="5" started-at="2019-11-23T16:20:28Z" finished-at="2019-11-23T16:20:28Z">
    <groups>
    </groups>
    <test name="Command line test" duration-ms="5" started-at="2019-11-23T16:20:28Z" finished-at="2019-11-23T16:20:28Z">
    </test> <!-- Command line test -->
  </suite> <!-- com.techfios.techfios_testNG.AppTest -->
</testng-results>
