<?xml version="1.0" encoding="UTF-8"?>
<testng-results skipped="0" failed="0" ignored="0" total="1" passed="1">
  <reporter-output>
  </reporter-output>
  <suite name="Default suite" duration-ms="18475" started-at="2019-11-23T19:28:39Z" finished-at="2019-11-23T19:28:57Z">
    <groups>
    </groups>
    <test name="Default test" duration-ms="18475" started-at="2019-11-23T19:28:39Z" finished-at="2019-11-23T19:28:57Z">
      <class name="test.SelectTest">
        <test-method status="PASS" signature="startBrowser()[pri:0, instance:test.SelectTest@c267ef4]" name="startBrowser" is-config="true" duration-ms="5304" started-at="2019-11-23T13:28:39Z" finished-at="2019-11-23T13:28:44Z">
          <reporter-output>
          </reporter-output>
        </test-method> <!-- startBrowser -->
        <test-method status="PASS" signature="selectTest()[pri:0, instance:test.SelectTest@c267ef4]" name="selectTest" duration-ms="10477" started-at="2019-11-23T13:28:44Z" finished-at="2019-11-23T13:28:55Z">
          <reporter-output>
          </reporter-output>
        </test-method> <!-- selectTest -->
        <test-method status="PASS" signature="close()[pri:0, instance:test.SelectTest@c267ef4]" name="close" is-config="true" duration-ms="2649" started-at="2019-11-23T13:28:55Z" finished-at="2019-11-23T13:28:57Z">
          <reporter-output>
          </reporter-output>
        </test-method> <!-- close -->
      </class> <!-- test.SelectTest -->
    </test> <!-- Default test -->
  </suite> <!-- Default suite -->
</testng-results>
